<?xml version="1.0" encoding="UTF-8"?>
<testng-results skipped="0" failed="0" ignored="0" total="1" passed="1">
  <reporter-output>
  </reporter-output>
  <suite name="Default suite" duration-ms="10952" started-at="2018-10-06T15:52:11Z" finished-at="2018-10-06T15:52:22Z">
    <groups>
    </groups>
    <test name="Default test" duration-ms="10952" started-at="2018-10-06T15:52:11Z" finished-at="2018-10-06T15:52:22Z">
      <class name="loginPage.VerifyLoginScreen">
        <test-method status="PASS" signature="setup_001()[pri:0, instance:loginPage.VerifyLoginScreen@66a3ffec]" name="setup_001" is-config="true" duration-ms="5265" started-at="2018-10-06T15:52:11Z" finished-at="2018-10-06T15:52:17Z">
          <reporter-output>
          </reporter-output>
        </test-method> <!-- setup_001 -->
        <test-method status="PASS" signature="TGG_001()[pri:0, instance:loginPage.VerifyLoginScreen@66a3ffec]" name="TGG_001" duration-ms="5555" started-at="2018-10-06T15:52:17Z" finished-at="2018-10-06T15:52:22Z">
          <reporter-output>
          </reporter-output>
        </test-method> <!-- TGG_001 -->
      </class> <!-- loginPage.VerifyLoginScreen -->
    </test> <!-- Default test -->
  </suite> <!-- Default suite -->
</testng-results>
